<?xml version="1.0" encoding="UTF-8"?>
<testsuite name="PlayerTest" tests="1" skipped="0" failures="0" errors="0" timestamp="2020-04-14T08:40:04" hostname="Nikhils-MacBook-Pro.local" time="0.001">
  <properties/>
  <testcase name="shouldReturnCooperate" classname="PlayerTest" time="0.001"/>
  <system-out><![CDATA[]]></system-out>
  <system-err><![CDATA[]]></system-err>
</testsuite>
