<?xml version="1.0" encoding="UTF-8"?>
<testsuite name="GameTest" tests="2" skipped="0" failures="0" errors="0" timestamp="2020-04-14T11:14:50" hostname="Nikhils-MacBook-Pro.local" time="0.003">
  <properties/>
  <testcase name="shouldCheckThatTheBothPlayersAreCool" classname="GameTest" time="0.003"/>
  <testcase name="shouldCheckTotalScoreWhenBothPlayersAreCool" classname="GameTest" time="0.0"/>
  <system-out><![CDATA[]]></system-out>
  <system-err><![CDATA[]]></system-err>
</testsuite>
