<?xml version="1.0" encoding="UTF-8"?>
<testsuite name="GameTest" tests="3" skipped="0" failures="0" errors="0" timestamp="2020-04-15T05:33:07" hostname="Nikhils-MacBook-Pro.local" time="0.004">
  <properties/>
  <testcase name="shouldReturnTotalScoreWhenPlayerOneCooperatesAndOtherOneCheat" classname="GameTest" time="0.003"/>
  <testcase name="shouldCheckThatTheBothPlayersAreCool" classname="GameTest" time="0.0"/>
  <testcase name="shouldReturnTotalScoreWhenBothPlayersAreCool" classname="GameTest" time="0.0"/>
  <system-out><![CDATA[]]></system-out>
  <system-err><![CDATA[]]></system-err>
</testsuite>
