<?xml version="1.0" encoding="UTF-8"?>
<testsuite name="GameTest" tests="1" skipped="0" failures="0" errors="0" timestamp="2020-04-15T10:50:11" hostname="Nikhils-MacBook-Pro.local" time="0.274">
  <properties/>
  <testcase name="shouldReturnTotalScoreWhenPlayerOneCooperatesAndOtherOneIsConsolePlayer" classname="GameTest" time="0.274"/>
  <system-out><![CDATA[]]></system-out>
  <system-err><![CDATA[]]></system-err>
</testsuite>
