<?xml version="1.0" encoding="UTF-8"?>
<testsuite name="GameTest" tests="1" skipped="0" failures="0" errors="0" timestamp="2020-04-14T12:06:17" hostname="Nikhils-MacBook-Pro.local" time="0.006">
  <properties/>
  <testcase name="shouldCheckTotalScoreWhenPlayerOneCooperatesAndOtherOneCheat" classname="GameTest" time="0.006"/>
  <system-out><![CDATA[]]></system-out>
  <system-err><![CDATA[]]></system-err>
</testsuite>
